........888.......888...........666.333.............222...............................333...999...........333...............................
..........................444...................111.....999..555......................................333...........777......333............
...333..888..444......555.....666......................................333..........99...777....................888.................111.....
.................111................777............44...777................444.444............999..........................666..............
.222.................666...............................................888...................................66........................333..
...........222...444.....111.................888.77...777...333.777................222..666.....444.777....9.......999...888................
.777.............................111..666.11..............................111..333.............................777...............999.666....
..............444.....333.....................999.777................77.......................666..........44........555..222...............
.....999..................222...................................555.......111.6......................666....................................
..........555.444................111.777.333............777.........................333.333..333.............444....333......333...888......
...444................999....................................666...888......................................................................
..............999................555.999......333......................666.....555.333.........888..66...888....555.999..........222........
...................888...333.444.........555......................22.......777..........999...............................222.........444...
..............555...................555..........333...................777........999...........555.......999...888..666....................
........333..........888.111....666......999...........999.666.555.........................1...............................77...777.........
111..........................................999...................222...............444....................................................
...........999.999........222......333...444......333...777................555..666.........999.....111.........................444.........
..555...................................................................................................888.....888..55................666..
.......111.....888.......555.777.11...................111....222....................777..........55.........444..................777........
...44......555.....999..................444...............55.....666.........................999.......777..........777................999..
...............888...........................777......................222.222.777.111...................................888.555.............
...........222....................999..222.......999......222....333...................222...................66.............................
.......................888............................222.......................222...............999...................111.........444.....
....444........999.......................222...555.................777...................666..222.........777................888............
.........888.......555...........777.444............777.......222.................................................555................444.777
.............666.........999...................444..........................777....777..........888....222.....44.....888..888..............
....................................666..555................444............................................888..............................
....888.....................222.................................444..333.111.............555.....333..444..............555..66....888.......
..............999.....222......................1..............................333................................888........................
......111.555..............333.....444.............66......777....111...666..................111....999.....................555..999.888....
................111............666.....444.............888........................777......................222..............................
............444............333.............777..888...............333.....111.222.......333.666................555..........111..........88.
....888...........111..............333...............77...999.333..................................111....555......................666......
..........555.............888......................................666.......111.........888.....................666........888.55.....55...
....777...............666.....777.....111.666....999........888.........777...........................................888...................
...............111.....................................99......................555...666.......444.999.333....444...............777.........
......................44...........999.........222................999...................................................222.................
.222....666.................666.11.......555..........888................888...............888.....111.33........222.........222............
.............................................................555..888..............111.444.....666...........111.....666....................
....555.................777........888.........444...444.333...................111..................................................222.....
........666.......888........888.............................666.888.....111.....................................11.555..333...111..........
.......................22...............555.............999...................999.......222.888.....888..222................................
....666.999..666..888.....333...111..............666........222.......555..........333.......................666...444..333...888...........
.....................................555..........................999......666....................444...333.................................
..........................666....666......99............999.55.......................555..777......................333..............77...999
.....222.777......................................................777....333..111..............222..........222.............................
.................................777....444.....444.................................999..............555........66.............222.......666
..777..............111..................................999..........999.......999....................................222..777.....222......
............777............333.......111.......888..99...................................777.222.....999...999...999........................
......111.......444.777...............................................999.333....................777.....................111.........111....
.............................222........66.......222...888........444......................555.................................222..........
............444..555..111........444..........................999..........333..999..333........444.55..777.....888......44.................
......777.......................................555.......444.....6.........................................444..............777............
.999........333........111.....777..11.................9.............111...111..555.22.......88.........................444......444........
.............................................................66....................................555...999.888.....................555....
..............222........222.......777.444..............444........888.........888.....999..888....................111.999.888..............
..111.333.........333.........................11....222...............................................666......................999.666......
.............222.....................333.888..........................6..99...........55...................888....111...777.................
....555............777...333.....888.........999.............888.................444.....111.........777....................................
777.........666.......................222...............................444..................55.....................666...666.111...........
..................555..77.555.....33......555..444....111......222.............555......888................44...............................
..444..111............................555...........................................555............777.222............555....22.............
...................333...........555..................333...............222.....999..........666................555................111...111
............666..............444.........222....................888.666.............................................888..777................
......999............222.999.....44..........111.77.........333.......................444.333........444....333..............555......555...
............444..999...................................888..............333......777............666.............666.........................
......................333.......777....999.........666......888.....111.................111.............111............666........222.......
.....222..........888............................7............................................6....333......555...888.................111...
.........666.............77.555........111.........333..........666......999.999.......................................999..................
99..555.........777.777...........444.........888..........777.......................66.....................................................
.........333...............................44.........999..................................444..666.............111........222..88..........
............................333...111.............555..............555........555....777................999.777........555..............111.
...111..........11..44..111...................777.....88.........................................................222.........444.555........
.................................333.777..........999.....888......................333.888.......555.888.111............555............555..
..........999.......555.777..777.............444.....................222.....................................222..................666.......
....555.........222......................................................999.............333............222.............222...222...........
...........................55............111.111.......111..........444......888.................111........................................
..........333..................333............................111......................................................333..................
....................888.111.....................111....111.....................333.............333...888....................444......555....
.......222..........................11.....333...................666.......888..........888................222.......444....................
..............999.........99...................555....888.........................888..................666.....999.............444..........
.....222............222......888..11.666..888...............111...666......66.................99...........333..............................
..............444..................................333..........................222.......666.......333...........222....555..111...........
..333................777.444....111........999.....................888...777.........444.................333.222.......................444..
.........................................................777.................777.777....................................66.........222......
.........555................222....222...333.....888..........555.444.........................999...999..444........111......777.......555..
....777................666...................888.........666......................444.....777.................555..................999......
.........777.......111......555.................................................................666...666.777..........666..................
.............................................77...99.999.888...888...999.......111.666.999..................................................
..............111......999.....888.......................................77....................11...........................111..222........
..........444................9..............999......................888..............44..........11....777.........666..............555....
888..............................55.....333..............222..333..........55............999...............................888..777.........
.............333.111.111............555.......111....444................................................111...111...................666.....
..555..999......................666............................222..555........888.....555........777...............888.........111.........
......................222............888......999......999....................................111.........99...............111.......666.444
222...222.....555................888......333................444............333......................................777.......444..........
........................................................111...........111...........444.........111.........................................
.555..............777...........222.22...888.......444......222.....................................888.222....222..888........888..........
......888....................1...............222......................222.888.444....777.......44...........................77......999.....
..333.........888.......888............................888...............................................555................................
.......777.....................999..444....................88......222...888.......999..........................666...................555...
...........666.......444.......................333...........................777...................333..222..........888..888...............
..................22.......999...........666.........222.111....666.................777.....444.............444..................555.666....
........33.....................................222.........................222..........................................666.333.............
222............111...............333...............333........333....666....................888....666.111..................................
.......666.999.....222....55............................777...............999.999....222.......................................22.11.222.99.
....99.........................999..........222..444..............999..............................55.........222......333.888..............
444...........222..........999.....999......................555.......................999.....777.....3.............................999.....
.........................................777.999.................999......444..111................999....333...999...........444............
..............888...777........11.888..............555....222........77.................999.............................66.........77.......
.......222...................................888................111...........999........................999......999.......333.............
...............555.111.888.555...........222.............222.............555....................666..............................55.222.....
...999............................444................999......666....666...............777...............777...888......22..111.........777.
.........88..666......................44.......222.............................222................................................55........
...................777...999...777.......................................777.......999................................999...............333.
.............777....................999.................333...777..............888......444..888.................111..............222.......
...44..............777......666..................333...............222.............................555.................555..................
......111.777.888....................................999................333....333........666.555...........555.................444.666.777.
..................222.........999.222......111.............999.....................................333..999.................666.............
..........222.777......555.........................888.........555..............3..........999.666..........333...111...444......111........
............................................555........999..............333.111...111...................................................111.
.....777.......111..666.........999...333................................................666......555......33................333............
.........222..............................333.222..888...666......999......777..666.111.......555...................................555.....
....111.............333...........222.................................44...........................444..222..111.....777....777.............
...........888...........999..............................999.....555...................111.....................................555.777.....
..999.............222........222....555..666............................................................999.444.666...555...................
.......444....999................................333........................444..............333.................................222....999.
.........................................................333........66.999.......................555...666.111..........888..444............
..99...........111..........222....................999........................555.....777.......................777.........................
...................................555...555...........444......666.222.........................999........444.......333.......22..333......
...333..111..............444..................666.444.......................777...888..................555................666...............
...............................444...777....................222...............................222...........777................444..........
......555.999........666..444.............11............999.....666..7.222....111..9.....222........777............888..666........333......
.................444..........777..............444.777...............................555........333............333............444......222..
..........222.........555.111...........................111.555.44........111..............666......................444...........111.......
.....666........................444..666.......................................44.....777......888....222......222......555.333.............
................777.............................222....999.999......222...................................111..........................444..
...444.......88...................555.......333......................................222..888.......888.............7..........555..........
......................666...............777.......999.222.....888..333...22.............................................111............888..
..........999.................................222...............................555.....999.............888......55.........................
